# JRE version: OpenJDK Runtime Environment (8.0_302-b08) (build 1.8.0_302-b08)
# Java VM: OpenJDK 64-Bit Server VM (25.302-b08 mixed mode windows-amd64 compressed oops)
Heap:
 PSYoungGen      total 70656K, used 16858K [0x00000000d6600000, 0x00000000e0300000, 0x0000000100000000)
  eden space 65536K, 25% used [0x00000000d6600000,0x00000000d7676900,0x00000000da600000)
  from space 5120K, 0% used [0x00000000da600000,0x00000000da600000,0x00000000dab00000)
  to   space 14848K, 0% used [0x00000000df480000,0x00000000df480000,0x00000000e0300000)
 ParOldGen       total 80896K, used 20312K [0x0000000083200000, 0x0000000088100000, 0x00000000d6600000)
  object space 80896K, 25% used [0x0000000083200000,0x00000000845d6360,0x0000000088100000)
 Metaspace       used 23380K, capacity 23659K, committed 23936K, reserved 1071104K
  class space    used 2833K, capacity 2920K, committed 2944K, reserved 1048576K
GC Heap History (10 events):
Event: 0.757 GC heap before
{Heap before GC invocations=2 (full 0):
 PSYoungGen      total 37888K, used 37872K [0x00000000d6600000, 0x00000000d9000000, 0x0000000100000000)
  eden space 32768K, 100% used [0x00000000d6600000,0x00000000d8600000,0x00000000d8600000)
  from space 5120K, 99% used [0x00000000d8600000,0x00000000d8afc1e8,0x00000000d8b00000)
  to   space 5120K, 0% used [0x00000000d8b00000,0x00000000d8b00000,0x00000000d9000000)
 ParOldGen       total 86016K, used 1598K [0x0000000083200000, 0x0000000088600000, 0x00000000d6600000)
  object space 86016K, 1% used [0x0000000083200000,0x000000008338fa90,0x0000000088600000)
 Metaspace       used 8694K, capacity 8744K, committed 8832K, reserved 1056768K
  class space    used 1041K, capacity 1076K, committed 1152K, reserved 1048576K
Event: 0.763 GC heap after
Heap after GC invocations=2 (full 0):
 PSYoungGen      total 37888K, used 5092K [0x00000000d6600000, 0x00000000db000000, 0x0000000100000000)
  eden space 32768K, 0% used [0x00000000d6600000,0x00000000d6600000,0x00000000d8600000)
  from space 5120K, 99% used [0x00000000d8b00000,0x00000000d8ff9018,0x00000000d9000000)
  to   space 5120K, 0% used [0x00000000d8600000,0x00000000d8600000,0x00000000d8b00000)
 ParOldGen       total 86016K, used 12566K [0x0000000083200000, 0x0000000088600000, 0x00000000d6600000)
  object space 86016K, 14% used [0x0000000083200000,0x0000000083e45ab0,0x0000000088600000)
 Metaspace       used 8694K, capacity 8744K, committed 8832K, reserved 1056768K
  class space    used 1041K, capacity 1076K, committed 1152K, reserved 1048576K
}
Event: 1.092 GC heap before
{Heap before GC invocations=3 (full 0):
 PSYoungGen      total 37888K, used 37860K [0x00000000d6600000, 0x00000000db000000, 0x0000000100000000)
  eden space 32768K, 100% used [0x00000000d6600000,0x00000000d8600000,0x00000000d8600000)
  from space 5120K, 99% used [0x00000000d8b00000,0x00000000d8ff9018,0x00000000d9000000)
  to   space 5120K, 0% used [0x00000000d8600000,0x00000000d8600000,0x00000000d8b00000)
 ParOldGen       total 86016K, used 12566K [0x0000000083200000, 0x0000000088600000, 0x00000000d6600000)
  object space 86016K, 14% used [0x0000000083200000,0x0000000083e45ab0,0x0000000088600000)
 Metaspace       used 12110K, capacity 12244K, committed 12416K, reserved 1060864K
  class space    used 1521K, capacity 1558K, committed 1664K, reserved 1048576K
Event: 1.099 GC heap after
Heap after GC invocations=3 (full 0):
 PSYoungGen      total 37888K, used 5106K [0x00000000d6600000, 0x00000000db000000, 0x0000000100000000)
  eden space 32768K, 0% used [0x00000000d6600000,0x00000000d6600000,0x00000000d8600000)
  from space 5120K, 99% used [0x00000000d8600000,0x00000000d8afcac0,0x00000000d8b00000)
  to   space 5120K, 0% used [0x00000000dab00000,0x00000000dab00000,0x00000000db000000)
 ParOldGen       total 86016K, used 19021K [0x0000000083200000, 0x0000000088600000, 0x00000000d6600000)
  object space 86016K, 22% used [0x0000000083200000,0x0000000084493468,0x0000000088600000)
 Metaspace       used 12110K, capacity 12244K, committed 12416K, reserved 1060864K
  class space    used 1521K, capacity 1558K, committed 1664K, reserved 1048576K
}
Event: 1.515 GC heap before
{Heap before GC invocations=4 (full 0):
 PSYoungGen      total 37888K, used 37874K [0x00000000d6600000, 0x00000000db000000, 0x0000000100000000)
  eden space 32768K, 100% used [0x00000000d6600000,0x00000000d8600000,0x00000000d8600000)
  from space 5120K, 99% used [0x00000000d8600000,0x00000000d8afcac0,0x00000000d8b00000)
  to   space 5120K, 0% used [0x00000000dab00000,0x00000000dab00000,0x00000000db000000)
 ParOldGen       total 86016K, used 19021K [0x0000000083200000, 0x0000000088600000, 0x00000000d6600000)
  object space 86016K, 22% used [0x0000000083200000,0x0000000084493468,0x0000000088600000)
 Metaspace       used 15966K, capacity 16106K, committed 16256K, reserved 1062912K
  class space    used 2074K, capacity 2111K, committed 2176K, reserved 1048576K
Event: 1.522 GC heap after
Heap after GC invocations=4 (full 0):
 PSYoungGen      total 70656K, used 5108K [0x00000000d6600000, 0x00000000db000000, 0x0000000100000000)
  eden space 65536K, 0% used [0x00000000d6600000,0x00000000d6600000,0x00000000da600000)
  from space 5120K, 99% used [0x00000000dab00000,0x00000000daffd028,0x00000000db000000)
  to   space 5120K, 0% used [0x00000000da600000,0x00000000da600000,0x00000000dab00000)
 ParOldGen       total 86016K, used 25214K [0x0000000083200000, 0x0000000088600000, 0x00000000d6600000)
  object space 86016K, 29% used [0x0000000083200000,0x0000000084a9fbe0,0x0000000088600000)
 Metaspace       used 15966K, capacity 16106K, committed 16256K, reserved 1062912K
  class space    used 2074K, capacity 2111K, committed 2176K, reserved 1048576K
}
Event: 2.702 GC heap before
{Heap before GC invocations=5 (full 0):
 PSYoungGen      total 70656K, used 58977K [0x00000000d6600000, 0x00000000db000000, 0x0000000100000000)
  eden space 65536K, 82% used [0x00000000d6600000,0x00000000d9a9b470,0x00000000da600000)
  from space 5120K, 99% used [0x00000000dab00000,0x00000000daffd028,0x00000000db000000)
  to   space 5120K, 0% used [0x00000000da600000,0x00000000da600000,0x00000000dab00000)
 ParOldGen       total 86016K, used 25214K [0x0000000083200000, 0x0000000088600000, 0x00000000d6600000)
  object space 86016K, 29% used [0x0000000083200000,0x0000000084a9fbe0,0x0000000088600000)
 Metaspace       used 20866K, capacity 21078K, committed 21248K, reserved 1067008K
  class space    used 2637K, capacity 2693K, committed 2816K, reserved 1048576K
Event: 2.716 GC heap after
Heap after GC invocations=5 (full 0):
 PSYoungGen      total 70656K, used 5097K [0x00000000d6600000, 0x00000000e0300000, 0x0000000100000000)
  eden space 65536K, 0% used [0x00000000d6600000,0x00000000d6600000,0x00000000da600000)
  from space 5120K, 99% used [0x00000000da600000,0x00000000daafa6d0,0x00000000dab00000)
  to   space 14848K, 0% used [0x00000000df480000,0x00000000df480000,0x00000000e0300000)
 ParOldGen       total 86016K, used 31329K [0x0000000083200000, 0x0000000088600000, 0x00000000d6600000)
  object space 86016K, 36% used [0x0000000083200000,0x00000000850985a8,0x0000000088600000)
 Metaspace       used 20866K, capacity 21078K, committed 21248K, reserved 1067008K
  class space    used 2637K, capacity 2693K, committed 2816K, reserved 1048576K
}
Event: 2.716 GC heap before
{Heap before GC invocations=6 (full 1):
 PSYoungGen      total 70656K, used 5097K [0x00000000d6600000, 0x00000000e0300000, 0x0000000100000000)
  eden space 65536K, 0% used [0x00000000d6600000,0x00000000d6600000,0x00000000da600000)
  from space 5120K, 99% used [0x00000000da600000,0x00000000daafa6d0,0x00000000dab00000)
  to   space 14848K, 0% used [0x00000000df480000,0x00000000df480000,0x00000000e0300000)
 ParOldGen       total 86016K, used 31329K [0x0000000083200000, 0x0000000088600000, 0x00000000d6600000)
  object space 86016K, 36% used [0x0000000083200000,0x00000000850985a8,0x0000000088600000)
 Metaspace       used 20866K, capacity 21078K, committed 21248K, reserved 1067008K
  class space    used 2637K, capacity 2693K, committed 2816K, reserved 1048576K
Event: 2.768 GC heap after
Heap after GC invocations=6 (full 1):
 PSYoungGen      total 70656K, used 0K [0x00000000d6600000, 0x00000000e0300000, 0x0000000100000000)
  eden space 65536K, 0% used [0x00000000d6600000,0x00000000d6600000,0x00000000da600000)
  from space 5120K, 0% used [0x00000000da600000,0x00000000da600000,0x00000000dab00000)
  to   space 14848K, 0% used [0x00000000df480000,0x00000000df480000,0x00000000e0300000)
 ParOldGen       total 80896K, used 20312K [0x0000000083200000, 0x0000000088100000, 0x00000000d6600000)
  object space 80896K, 25% used [0x0000000083200000,0x00000000845d6360,0x0000000088100000)
 Metaspace       used 20866K, capacity 21078K, committed 21248K, reserved 1067008K
  class space    used 2637K, capacity 2693K, committed 2816K, reserved 1048576K
}

